<?xml version="1.0" encoding="UTF-8"?>
<TestRun id="960fe1c2-2603-4f7c-b723-0ef56166f9da" name="j163159@PBOARC11717182 2014-11-23 15:01:05" runUser="UNN\j163159" xmlns="http://microsoft.com/schemas/VisualStudio/TeamTest/2010">
  <TestSettings name="Local" id="8526480c-3462-49ce-ae69-e5d8f1b93606">
    <Description>These are default test settings for a local test run.</Description>
    <Deployment enabled="false" runDeploymentRoot="j163159_PBOARC11717182 2014-11-23 15_01_05">
      <DeploymentItem filename="U:\My Documents\System Development Workshop\Group Project\Code\EN706\EN706\SDW_Wellbeing\bin\SDW_Wellbeing.dll" />
    </Deployment>
    <Execution>
      <TestTypeSpecific />
      <AgentRule name="Execution Agents">
      </AgentRule>
    </Execution>
  </TestSettings>
  <Times creation="2014-11-23T15:01:05.8279367+00:00" queuing="2014-11-23T15:01:05.8869426+00:00" start="2014-11-23T15:01:05.8939433+00:00" finish="2014-11-23T15:01:36.1939730+00:00" />
  <ResultSummary outcome="Failed">
    <Counters total="1" executed="1" error="0" failed="1" timeout="0" aborted="0" inconclusive="0" passedButRunAborted="0" notRunnable="0" notExecuted="0" disconnected="0" warning="0" passed="0" completed="0" inProgress="0" pending="0" />
    <RunInfos>
      <RunInfo computerName="PBOARC11717182" outcome="Warning" timestamp="2014-11-23T15:01:05.8869426+00:00">
        <Text>Deployment is currently disabled. The deployment item 'SDW_Wellbeing.dll' on test 'SDW_Wellbeing_Test.ExerciseAdminTest.CreateExercise_ClickTest' was not deployed.</Text>
      </RunInfo>
    </RunInfos>
  </ResultSummary>
  <TestDefinitions>
    <UnitTest name="CreateExercise_ClickTest" storage="u:\my documents\system development workshop\group project\code\en706\en706\sdw_wellbeing_test\bin\debug\sdw_wellbeing_test.dll" id="cc3e2ec4-3820-2d97-9786-f3d70f63be54">
      <DeploymentItems>
        <DeploymentItem filename="SDW_Wellbeing.dll" />
      </DeploymentItems>
      <Execution id="a968bf77-5090-4125-b254-c442913b5654" />
      <TestMethod codeBase="U:/My Documents/System Development Workshop/Group Project/Code/EN706/EN706/SDW_Wellbeing_Test/bin/Debug/SDW_Wellbeing_Test.DLL" adapterTypeName="Microsoft.VisualStudio.TestTools.TestTypes.Unit.UnitTestAdapter, Microsoft.VisualStudio.QualityTools.Tips.UnitTest.Adapter, Version=10.0.0.0, Culture=neutral, PublicKeyToken=b03f5f7f11d50a3a" className="SDW_Wellbeing_Test.ExerciseAdminTest, SDW_Wellbeing_Test, Version=1.0.0.0, Culture=neutral, PublicKeyToken=null" name="CreateExercise_ClickTest" />
      <AspNet webSiteUrl="http://localhost:55791/">
        <Host pathToWebApp="U:\My Documents\System Development Workshop\Group Project\Code\EN706\EN706\SDW_Wellbeing" webAppRoot="/" />
      </AspNet>
    </UnitTest>
  </TestDefinitions>
  <TestLists>
    <TestList name="Results Not in a List" id="8c84fa94-04c1-424b-9868-57a2d4851a1d" />
    <TestList name="All Loaded Results" id="19431567-8539-422a-85d7-44ee4e166bda" />
  </TestLists>
  <TestEntries>
    <TestEntry testId="cc3e2ec4-3820-2d97-9786-f3d70f63be54" executionId="a968bf77-5090-4125-b254-c442913b5654" testListId="8c84fa94-04c1-424b-9868-57a2d4851a1d" />
  </TestEntries>
  <Results>
    <UnitTestResult executionId="a968bf77-5090-4125-b254-c442913b5654" testId="cc3e2ec4-3820-2d97-9786-f3d70f63be54" testName="CreateExercise_ClickTest" computerName="PBOARC11717182" duration="00:00:00.1636090" startTime="2014-11-23T15:01:06.1129652+00:00" endTime="2014-11-23T15:01:35.9179454+00:00" testType="13cdc9d9-ddb5-4fa4-a97d-d965ccfc6d4b" outcome="Failed" testListId="8c84fa94-04c1-424b-9868-57a2d4851a1d" relativeResultsDirectory="a968bf77-5090-4125-b254-c442913b5654">
      <Output>
        <ErrorInfo>
          <Message>Test method SDW_Wellbeing_Test.ExerciseAdminTest.CreateExercise_ClickTest threw exception: 
System.NullReferenceException: Object reference not set to an instance of an object.</Message>
          <StackTrace>   at SDW_Wellbeing.ExerciseAdmin_Accessor.CreateExercise_Click(Object sender, EventArgs e)
   at SDW_Wellbeing_Test.ExerciseAdminTest.CreateExercise_ClickTest() in U:\My Documents\System Development Workshop\Group Project\Code\EN706\EN706\SDW_Wellbeing_Test\ExerciseAdminTest.cs:line 104
</StackTrace>
        </ErrorInfo>
      </Output>
    </UnitTestResult>
  </Results>
</TestRun>